<?xml version="1.0" encoding="UTF-8"?>
<!-- Generated by org.testng.reporters.JUnitReportReporter -->
<testsuite skipped="0" hostname="DESKTOP-U4TDB48" name="com.jenkins.config.Test2" tests="1" failures="0" timestamp="2021-04-05T00:38:25 IST" time="0.001" errors="0">
  <testcase name="secondtest" time="0.001" classname="com.jenkins.config.Test2"/>
  <system-out>
welcome home  </system-out>
</testsuite> <!-- com.jenkins.config.Test2 -->
