<?xml version="1.0" encoding="UTF-8"?>
<!-- Generated by org.testng.reporters.JUnitReportReporter -->
<testsuite skipped="0" hostname="DESKTOP-U4TDB48" name="com.jenkins.config.Test1" tests="1" failures="0" timestamp="2021-04-05T00:38:25 IST" time="0.010" errors="0">
  <testcase name="firsttest" time="0.010" classname="com.jenkins.config.Test1"/>
  <system-out>
hi hello  </system-out>
</testsuite> <!-- com.jenkins.config.Test1 -->
